[2026-05-05T20:43:56.298Z] Plugin initialized: 63 commands [
  "bmad-bmm-testarch-atdd",
  "bmad-bmm-document-project",
  "bmad-bmm-quick-spec",
  "bmad-bmm-analyst.agent",
  "bmad-bmm-create-product-brief",
  "bmad-cis-storytelling",
  "bmad-bmm-sprint-status",
  "bmad-bmb-workflow",
  "bmad-bmm-code-review",
  "bmad-cis-problem-solving",
  "bmad-bmm-testarch-trace",
  "bmad-bmb-agent-builder.agent",
  "bmad-cis-creative-problem-solver.agent",
  "bmad-bmm-create-excalidraw-flowchart",
  "bmad-bmm-ux-designer.agent",
  "bmad-bmm-testarch-nfr",
  "bmad-bmm-sprint-planning",
  "bmad-bmm-create-excalidraw-dataflow",
  "bmad-bmm-create-story",
  "bmad-bmm-testarch-test-design",
  "bmad-bmm-correct-course",
  "bmad-review-adversarial-general",
  "bmad-bmm-tech-writer-tech-writer.agent",
  "bmad-cis-brainstorming-coach.agent",
  "bmad-bmm-create-epics-and-stories",
  "bmad-bmm-create-excalidraw-wireframe",
  "bmad-brainstorming",
  "bmad-bmad-master.agent",
  "bmad-bmm-tea.agent",
  "bmad-bmm-research",
  "bmad-cis-innovation-strategist.agent",
  "bmad-bmb-workflow-builder.agent",
  "bmad-bmm-check-implementation-readiness",
  "bmad-bmb-module-builder.agent",
  "bmad-bmm-create-prd",
  "bmad-bmm-testarch-ci",
  "bmad-bmm-retrospective",
  "bmad-bmm-create-architecture",
  "bmad-bmm-dev-story",
  "bmad-editorial-review-structure",
  "bmad-bmm-quick-dev",
  "bmad-bmm-create-ux-design",
  "bmad-cis-design-thinking",
  "bmad-cis-presentation-master.agent",
  "bmad-editorial-review-prose",
  "bmad-bmm-architect.agent",
  "bmad-bmm-testarch-automate",
  "bmad-bmm-create-excalidraw-diagram",
  "bmad-bmm-sm.agent",
  "bmad-index-docs",
  "bmad-cis-storyteller-storyteller.agent",
  "bmad-bmm-pm.agent",
  "bmad-party-mode",
  "bmad-bmb-agent",
  "bmad-bmm-testarch-test-review",
  "bmad-shard-doc",
  "bmad-bmm-testarch-framework",
  "bmad-cis-design-thinking-coach.agent",
  "bmad-bmb-module",
  "bmad-bmm-quick-flow-solo-dev.agent",
  "bmad-cis-innovation-strategy",
  "bmad-bmm-dev.agent",
  "bmad-help"
]
[2026-05-05T20:43:56.895Z] Registered /subtask command
